This file contains any messages produced by compilers while
running configure, to aid debugging if configure makes a mistake.

It was created by RtAudio configure 2.1, which was
generated by GNU Autoconf 2.52.  Invocation command line was

  $ ./configure 

## ---------- ##
## Platform.  ##
## ---------- ##

hostname = urquell
uname -m = i686
uname -r = 2.6.5-7.111-default
uname -s = Linux
uname -v = #1 Wed Oct 13 15:45:13 UTC 2004

/usr/bin/uname -p = unknown
/bin/uname -X     = unknown

/bin/arch              = i686
/usr/bin/arch -k       = unknown
/usr/convex/getsysinfo = unknown
hostinfo               = unknown
/bin/machine           = unknown
/usr/bin/oslevel       = unknown
/bin/universe          = unknown

PATH = .:/grads2/kvdoel/bin:/lci/project/pai/kvdoel/bin:/usr/bin/X11:/lci/local/bin:/lci/public/bin:/cs/local/bin:/cs/public/bin:/cs/local/bin/metamail:/bin:/usr/bin:/usr/ucb:/usr/bsd:/usr/local:/cs/local/generic/bin:/cs/public/generic/bin:/cs/public/bin/tex:/cs/public/generic/bin/tex:/cs/public/bin/xwindows:/cs/public/bin/pbm+/:/cs/public/bin/rcs:/usr/public:/lci/local/lib/DosWindows-1.0/etc/dos/bin:/lci/local/lib/sunpc/bin:/lci/local/lib/cadkey/bin:/lci/project/gnu68k/bin:/lci/project/transputer/bin

## ------------ ##
## Core tests.  ##
## ------------ ##

configure:940: PATH=".;."; conftest.sh
./configure: line 941: conftest.sh: command not found
configure:943: $? = 127
configure:998: checking for gcc
configure:1013: found /usr/bin/gcc
configure:1021: result: gcc
configure:1249: checking for C compiler version
configure:1252: gcc --version </dev/null >&5
gcc (GCC) 3.3.3 (SuSE Linux)
Copyright (C) 2003 Free Software Foundation, Inc.
This is free software; see the source for copying conditions.  There is NO
warranty; not even for MERCHANTABILITY or FITNESS FOR A PARTICULAR PURPOSE.

configure:1255: $? = 0
configure:1257: gcc -v </dev/null >&5
Reading specs from /usr/lib/gcc-lib/i586-suse-linux/3.3.3/specs
Configured with: ../configure --enable-threads=posix --prefix=/usr --with-local-prefix=/usr/local --infodir=/usr/share/info --mandir=/usr/share/man --enable-languages=c,c++,f77,objc,java,ada --disable-checking --libdir=/usr/lib --enable-libgcj --with-gxx-include-dir=/usr/include/g++ --with-slibdir=/lib --with-system-zlib --enable-shared --enable-__cxa_atexit i586-suse-linux
Thread model: posix
gcc version 3.3.3 (SuSE Linux)
configure:1260: $? = 0
configure:1262: gcc -V </dev/null >&5
gcc: `-V' option must have argument
configure:1265: $? = 1
configure:1285: checking for C compiler default output
configure:1288: gcc    conftest.c  >&5
configure:1291: $? = 0
configure:1320: result: a.out
configure:1325: checking whether the C compiler works
configure:1331: ./a.out
configure:1334: $? = 0
configure:1349: result: yes
configure:1356: checking whether we are cross compiling
configure:1358: result: no
configure:1361: checking for executable suffix
configure:1363: gcc -o conftest    conftest.c  >&5
configure:1366: $? = 0
configure:1388: result: 
configure:1394: checking for object suffix
configure:1412: gcc -c   conftest.c >&5
configure:1415: $? = 0
configure:1434: result: o
configure:1438: checking whether we are using the GNU C compiler
configure:1459: gcc -c   conftest.c >&5
configure:1462: $? = 0
configure:1465: test -s conftest.o
configure:1468: $? = 0
configure:1480: result: yes
configure:1486: checking whether gcc accepts -g
configure:1504: gcc -c -g  conftest.c >&5
configure:1507: $? = 0
configure:1510: test -s conftest.o
configure:1513: $? = 0
configure:1523: result: yes
configure:1550: gcc -c -g -O2  conftest.c >&5
conftest.c:2: error: parse error before "me"
configure:1553: $? = 1
configure: failed program was:
#ifndef __cplusplus
  choke me
#endif
configure:1700: checking for CC
configure:1726: result: no
configure:1700: checking for g++
configure:1715: found /usr/bin/g++
configure:1723: result: g++
configure:1738: checking for C++ compiler version
configure:1741: g++ --version </dev/null >&5
g++ (GCC) 3.3.3 (SuSE Linux)
Copyright (C) 2003 Free Software Foundation, Inc.
This is free software; see the source for copying conditions.  There is NO
warranty; not even for MERCHANTABILITY or FITNESS FOR A PARTICULAR PURPOSE.

configure:1744: $? = 0
configure:1746: g++ -v </dev/null >&5
Reading specs from /usr/lib/gcc-lib/i586-suse-linux/3.3.3/specs
Configured with: ../configure --enable-threads=posix --prefix=/usr --with-local-prefix=/usr/local --infodir=/usr/share/info --mandir=/usr/share/man --enable-languages=c,c++,f77,objc,java,ada --disable-checking --libdir=/usr/lib --enable-libgcj --with-gxx-include-dir=/usr/include/g++ --with-slibdir=/lib --with-system-zlib --enable-shared --enable-__cxa_atexit i586-suse-linux
Thread model: posix
gcc version 3.3.3 (SuSE Linux)
configure:1749: $? = 0
configure:1751: g++ -V </dev/null >&5
g++: `-V' option must have argument
configure:1754: $? = 1
configure:1757: checking whether we are using the GNU C++ compiler
configure:1778: g++ -c   conftest.cc >&5
configure:1781: $? = 0
configure:1784: test -s conftest.o
configure:1787: $? = 0
configure:1799: result: yes
configure:1805: checking whether g++ accepts -g
configure:1823: g++ -c -g  conftest.cc >&5
configure:1826: $? = 0
configure:1829: test -s conftest.o
configure:1832: $? = 0
configure:1842: result: yes
configure:1882: g++ -c -g -O2  conftest.cc >&5
configure:1885: $? = 0
configure:1888: test -s conftest.o
configure:1891: $? = 0
configure:1913: g++ -c -g -O2  conftest.cc >&5
configure: In function `int main()':
configure:1906: error: `exit' undeclared (first use this function)
configure:1906: error: (Each undeclared identifier is reported only once for 
   each function it appears in.)
configure:1916: $? = 1
configure: failed program was:
#line 1901 "configure"
#include "confdefs.h"

int
main ()
{
exit (42);
  ;
  return 0;
}
configure:1882: g++ -c -g -O2  conftest.cc >&5
configure:1885: $? = 0
configure:1888: test -s conftest.o
configure:1891: $? = 0
configure:1913: g++ -c -g -O2  conftest.cc >&5
configure:1916: $? = 0
configure:1919: test -s conftest.o
configure:1922: $? = 0
configure:1946: checking for pthread_create in -lpthread
configure:1973: gcc -o conftest -g -O2   conftest.c -lpthread   >&5
configure:1976: $? = 0
configure:1979: test -s conftest
configure:1982: $? = 0
configure:1993: result: yes
configure:2014: checking how to run the C preprocessor
configure:2040: gcc -E  conftest.c
configure:2046: $? = 0
configure:2073: gcc -E  conftest.c
configure:2070:28: ac_nonexistent.h: No such file or directory
configure:2079: $? = 1
configure: failed program was:
#line 2069 "configure"
#include "confdefs.h"
#include <ac_nonexistent.h>
configure:2116: result: gcc -E
configure:2131: gcc -E  conftest.c
configure:2137: $? = 0
configure:2164: gcc -E  conftest.c
configure:2161:28: ac_nonexistent.h: No such file or directory
configure:2170: $? = 1
configure: failed program was:
#line 2160 "configure"
#include "confdefs.h"
#include <ac_nonexistent.h>
configure:2209: checking for ANSI C header files
configure:2223: gcc -E  conftest.c
configure:2229: $? = 0
configure:2316: gcc -o conftest -g -O2   conftest.c -lpthread  >&5
configure:2319: $? = 0
configure:2321: ./conftest
configure:2324: $? = 0
configure:2337: result: yes
configure:2350: checking for sys/ioctl.h
configure:2360: gcc -E  conftest.c
configure:2366: $? = 0
configure:2385: result: yes
configure:2350: checking for unistd.h
configure:2360: gcc -E  conftest.c
configure:2366: $? = 0
configure:2385: result: yes
configure:2396: checking for gcc option to accept ANSI C
configure:2453: gcc  -c -g -O2  conftest.c >&5
configure:2456: $? = 0
configure:2459: test -s conftest.o
configure:2462: $? = 0
configure:2479: result: none needed
configure:2487: checking for an ANSI C-conforming const
configure:2551: gcc -c -g -O2  conftest.c >&5
configure:2554: $? = 0
configure:2557: test -s conftest.o
configure:2560: $? = 0
configure:2570: result: yes
configure:2581: checking whether to compile debug version
configure:2595: result: no
configure:2637: checking build system type
configure:2655: result: i686-pc-linux-gnu
configure:2662: checking host system type
configure:2676: result: i686-pc-linux-gnu
configure:2683: checking for audio API
configure:2696: result: using OSS
configure:2961: checking whether gcc needs -traditional
configure:2996: result: no
configure:3112: creating ./config.status

## ----------------------- ##
## Running config.status.  ##
## ----------------------- ##

This file was extended by config.status (RtAudio 2.1) 2.52, executed with
  CONFIG_FILES    = 
  CONFIG_HEADERS  = 
  CONFIG_LINKS    = 
  CONFIG_COMMANDS = 
  > ./config.status 
on urquell

config.status:3548: creating tests/Makefile

## ----------------- ##
## Cache variables.  ##
## ----------------- ##

ac_cv_build=i686-pc-linux-gnu
ac_cv_build_alias=i686-pc-linux-gnu
ac_cv_c_compiler_gnu=yes
ac_cv_c_const=yes
ac_cv_cxx_compiler_gnu=yes
ac_cv_env_CC_set=
ac_cv_env_CC_value=
ac_cv_env_CFLAGS_set=
ac_cv_env_CFLAGS_value=
ac_cv_env_CPPFLAGS_set=
ac_cv_env_CPPFLAGS_value=
ac_cv_env_CPP_set=
ac_cv_env_CPP_value=
ac_cv_env_CXXFLAGS_set=
ac_cv_env_CXXFLAGS_value=
ac_cv_env_CXX_set=
ac_cv_env_CXX_value=
ac_cv_env_LDFLAGS_set=
ac_cv_env_LDFLAGS_value=
ac_cv_env_build_alias_set=
ac_cv_env_build_alias_value=
ac_cv_env_host_alias_set=
ac_cv_env_host_alias_value=
ac_cv_env_target_alias_set=
ac_cv_env_target_alias_value=
ac_cv_header_stdc=yes
ac_cv_header_sys_ioctl_h=yes
ac_cv_header_unistd_h=yes
ac_cv_host=i686-pc-linux-gnu
ac_cv_host_alias=i686-pc-linux-gnu
ac_cv_lib_pthread_pthread_create=yes
ac_cv_objext=o
ac_cv_prog_CPP='gcc -E'
ac_cv_prog_ac_ct_CC=gcc
ac_cv_prog_ac_ct_CXX=g++
ac_cv_prog_cc_g=yes
ac_cv_prog_cc_stdc=
ac_cv_prog_cxx_g=yes
ac_cv_prog_gcc_traditional=no

## ------------ ##
## confdefs.h.  ##
## ------------ ##

#ifdef __cplusplus
#include <stdlib.h>
#endif
#define HAVE_LIBPTHREAD 1
#define STDC_HEADERS 1
#define HAVE_SYS_IOCTL_H 1
#define HAVE_UNISTD_H 1


configure: exit 0
